 * Serving Flask app 'server'
 * Debug mode: off
{'laptop': 0, 'phone': 1}
Loading JSON file: /home/egor/project/uploads/l3.json
Loaded JSON file: /home/egor/project/uploads/l3.json in 0.022042512893676758 seconds
Processing shapes for l3.json: [{'label': 'laptop', 'points': [[1221.4285714285716, 3242.857142857143], [1530.9523809523807, 2823.809523809524], [1592.8571428571427, 1042.857142857143], [1640.4761904761904, 952.3809523809524], [4297.619047619048, 952.3809523809524], [4383.333333333333, 1014.2857142857142], [4445.238095238095, 2814.285714285714], [1530.9523809523807, 2819.0476190476193], [4440.476190476191, 2804.761904761905], [4892.857142857143, 3242.857142857143], [4797.619047619048, 3252.3809523809523]], 'group_id': None, 'description': '', 'shape_type': 'polygon', 'flags': {}, 'mask': None}]
Processing label: laptop
Loading JSON file: /home/egor/project/uploads/p3.json
Loaded JSON file: /home/egor/project/uploads/p3.json in 0.0020012855529785156 seconds
Processing shapes for p3.json: [{'label': 'phone', 'points': [[706.875, 782.5], [664.375, 755.0], [664.375, 728.75], [1011.875, 115.0], [1045.625, 97.5], [1314.375, 205.0], [1324.375, 236.25], [975.625, 878.75], [938.125, 892.5]], 'group_id': None, 'description': '', 'shape_type': 'polygon', 'flags': {}, 'mask': None}]
Processing label: phone
Loading JSON file: /home/egor/project/uploads/l7.json
Loaded JSON file: /home/egor/project/uploads/l7.json in 0.016973018646240234 seconds
Processing shapes for l7.json: [{'label': 'laptop', 'points': [[2823.181818181818, 3588.181818181818], [1464.0909090909092, 3219.9999999999995], [1491.3636363636367, 3151.8181818181815], [1018.6363636363637, 1447.2727272727273], [1059.5454545454547, 1415.4545454545455], [3077.727272727273, 1288.181818181818], [3127.727272727273, 1324.5454545454545], [3641.363636363636, 2838.181818181818], [1468.6363636363637, 3206.363636363636], [3655.0, 2838.181818181818], [4923.181818181818, 3147.272727272727]], 'group_id': None, 'description': '', 'shape_type': 'polygon', 'flags': {}, 'mask': None}]
Processing label: laptop
Loading JSON file: /home/egor/project/uploads/l5.json
Loaded JSON file: /home/egor/project/uploads/l5.json in 0.020585060119628906 seconds
Processing shapes for l5.json: [{'label': 'laptop', 'points': [[1096.3888888888887, 1950.0], [274.16666666666646, 1750.0], [240.8333333333332, 1755.5555555555557], [90.83333333333314, 425.0], [1624.1666666666665, 433.33333333333337], [1793.6111111111109, 1527.7777777777778], [263.0555555555554, 1736.111111111111], [1799.1666666666665, 1522.2222222222222], [2701.9444444444443, 1691.6666666666667]], 'group_id': None, 'description': '', 'shape_type': 'polygon', 'flags': {}, 'mask': None}]
Processing label: laptop
Loading JSON file: /home/egor/project/uploads/l8.json
Loaded JSON file: /home/egor/project/uploads/l8.json in 0.002246379852294922 seconds
Processing shapes for l8.json: [{'label': 'laptop', 'points': [[1298.0392156862745, 1401.627450980392], [2103.921568627451, 1197.7058823529412], [2135.294117647059, 1170.2549019607843], [2349.0196078431372, 160.45098039215682], [2331.372549019608, 113.39215686274505], [1243.1372549019607, 207.5098039215686], [1209.8039215686274, 242.8039215686274], [1017.6470588235295, 1005.5490196078431], [200.0, 1134.9607843137255], [1262.7450980392157, 1405.549019607843], [1356.862745098039, 1389.862745098039], [2105.8823529411766, 1199.6666666666667], [2105.8823529411766, 1199.6666666666667]], 'group_id': None, 'description': '', 'shape_type': 'polygon', 'flags': {}, 'mask': None}]
Processing label: laptop
Loading JSON file: /home/egor/project/uploads/p2.json
Loaded JSON file: /home/egor/project/uploads/p2.json in 0.003693103790283203 seconds
Processing shapes for p2.json: [{'label': 'phone', 'points': [[908.59375, 675.875], [1357.03125, 516.5], [1363.28125, 499.3125], [1313.28125, 361.8125], [1289.84375, 352.4375], [911.71875, 491.5], [867.96875, 527.4375], [875.78125, 652.4375]], 'group_id': None, 'description': '', 'shape_type': 'polygon', 'flags': {}, 'mask': None}]
Processing label: phone
Loading JSON file: /home/egor/project/uploads/1p.json
Loaded JSON file: /home/egor/project/uploads/1p.json in 0.021455049514770508 seconds
Processing shapes for 1p.json: [{'label': 'phone', 'points': [[2551.2173913043475, 2276.1739130434785], [2199.043478260869, 2276.1739130434785], [2112.0869565217386, 2202.2608695652175], [2051.2173913043475, 667.4782608695654], [2103.3913043478256, 584.8695652173914], [2851.2173913043475, 563.1304347826089], [2925.1304347826085, 641.3913043478262], [2959.9130434782605, 2210.9565217391305], [2872.95652173913, 2276.1739130434785]], 'group_id': None, 'description': '', 'shape_type': 'polygon', 'flags': {}, 'mask': None}]
Processing label: phone
Loading JSON file: /home/egor/project/uploads/p5.json
Loaded JSON file: /home/egor/project/uploads/p5.json in 0.0032503604888916016 seconds
Processing shapes for p5.json: [{'label': 'phone', 'points': [[839.4444444444445, 692.2222222222223], [921.6666666666666, 761.1111111111111], [870.5555555555555, 812.2222222222222], [841.6666666666666, 808.8888888888889], [731.6666666666666, 697.7777777777778], [746.1111111111111, 675.5555555555555], [790.5555555555555, 640.0]], 'group_id': None, 'description': '', 'shape_type': 'polygon', 'flags': {}, 'mask': None}]
Processing label: phone
Loading JSON file: /home/egor/project/uploads/1l.json
Loaded JSON file: /home/egor/project/uploads/1l.json in 0.0032329559326171875 seconds
Processing shapes for 1l.json: [{'label': 'laptop', 'points': [[566.3636363636365, 1348.0454545454545], [548.1818181818182, 1326.2272727272727], [595.4545454545455, 853.5], [606.3636363636365, 833.5], [1406.3636363636363, 837.1363636363636], [1417.2727272727273, 813.5], [1444.5454545454545, 313.5], [1411.8181818181818, 297.1363636363636], [600.909090909091, 298.95454545454544], [571.8181818181818, 315.3181818181818], [604.5454545454545, 842.590909090909], [1410.0, 833.5], [1422.7272727272727, 855.3181818181818], [1470.0, 1331.681818181818], [1448.181818181818, 1355.3181818181818]], 'group_id': None, 'description': '', 'shape_type': 'polygon', 'flags': {}, 'mask': None}]
Processing label: laptop
Loading JSON file: /home/egor/project/uploads/p4.json
Loaded JSON file: /home/egor/project/uploads/p4.json in 0.03718423843383789 seconds
Processing shapes for p4.json: [{'label': 'phone', 'points': [[3551.2173913043475, 2528.347826086957], [3333.8260869565215, 2028.3478260869567], [3394.6956521739125, 1967.4782608695652], [3929.4782608695646, 1889.217391304348], [4764.260869565217, 3141.3913043478265], [4720.782608695652, 3219.6521739130435], [4112.086956521739, 3402.2608695652175], [3981.6521739130435, 3354.434782608696]], 'group_id': None, 'description': '', 'shape_type': 'polygon', 'flags': {}, 'mask': None}]
Processing label: phone
Loading JSON file: /home/egor/project/uploads/2l.json
Loaded JSON file: /home/egor/project/uploads/2l.json in 0.002877473831176758 seconds
Processing shapes for 2l.json: [{'label': 'laptop', 'points': [[664.9295774647886, 440.11971830985914], [969.1549295774646, 288.0070422535211], [1039.5774647887324, 16.17605633802811], [1044.554712892741, 0.0], [1340.9859154929577, 0.0], [1580.4225352112676, 79.55633802816895], [1580.4225352112676, 116.17605633802812], [1431.1267605633802, 524.6267605633803], [969.1549295774646, 289.41549295774644], [1428.3098591549294, 526.0352112676056], [1149.4366197183099, 727.443661971831], [953.6619718309857, 637.3028169014085]], 'group_id': None, 'description': '', 'shape_type': 'polygon', 'flags': {}, 'mask': None}]
Processing label: laptop
Loading JSON file: /home/egor/project/uploads/p9.json
Loaded JSON file: /home/egor/project/uploads/p9.json in 0.0006778240203857422 seconds
Processing shapes for p9.json: [{'label': 'phone', 'points': [[584.2592592592592, 477.4938271604938], [723.7654320987654, 438.6049382716049], [720.679012345679, 430.5802469135802], [496.60493827160485, 333.04938271604937], [478.7037037037037, 334.9012345679012], [415.74074074074076, 349.71604938271605], [357.71604938271605, 362.0617283950617], [360.8024691358024, 369.4691358024691]], 'group_id': None, 'description': '', 'shape_type': 'polygon', 'flags': {}, 'mask': None}]
Processing label: phone
Loading JSON file: /home/egor/project/uploads/l6.json
Loaded JSON file: /home/egor/project/uploads/l6.json in 0.0020852088928222656 seconds
Processing shapes for l6.json: [{'label': 'laptop', 'points': [[659.2537313432836, 663.8805970149253], [648.8059701492537, 651.9402985074627], [596.5671641791046, 144.47761194029852], [608.5074626865671, 128.05970149253733], [1384.6268656716418, 56.41791044776121], [1393.5820895522388, 72.8358208955224], [1371.1940298507463, 548.9552238805969], [1624.9253731343283, 934.0298507462686], [766.716417910448, 1101.1940298507463], [660.7462686567164, 686.2686567164178], [677.1641791044776, 657.910447761194], [1371.1940298507463, 545.9701492537313]], 'group_id': None, 'description': '', 'shape_type': 'polygon', 'flags': {}, 'mask': None}]
Processing label: laptop
Loading JSON file: /home/egor/project/uploads/p8.json
Loaded JSON file: /home/egor/project/uploads/p8.json in 0.0010025501251220703 seconds
Processing shapes for p8.json: [{'label': 'phone', 'points': [[475.58139534883725, 397.06589147286826], [553.8759689922481, 393.18992248062017], [558.5271317829456, 370.7093023255814], [552.3255813953488, 183.88759689922483], [544.5736434108526, 176.91085271317831], [460.077519379845, 176.91085271317831], [449.2248062015504, 187.7635658914729], [453.1007751937985, 391.63953488372096]], 'group_id': None, 'description': '', 'shape_type': 'polygon', 'flags': {}, 'mask': None}]
Processing label: phone
Loading JSON file: /home/egor/project/uploads/l4.json
Loaded JSON file: /home/egor/project/uploads/l4.json in 0.0039250850677490234 seconds
Processing shapes for l4.json: [{'label': 'laptop', 'points': [[379.1666666666667, 763.8888888888888], [360.6481481481481, 762.037037037037], [353.2407407407407, 747.2222222222222], [377.31481481481484, 447.2222222222222], [387.49999999999994, 432.4074074074074], [378.2407407407407, 426.85185185185185], [329.16666666666663, 277.77777777777777], [335.64814814814815, 267.59259259259255], [881.0185185185185, 272.22222222222223], [888.4259259259259, 280.55555555555554], [836.5740740740739, 431.48148148148147], [818.0555555555554, 435.18518518518516], [385.6481481481481, 432.4074074074074], [819.9074074074074, 434.25925925925924], [838.4259259259259, 444.4444444444444], [858.7962962962963, 756.4814814814814], [852.3148148148148, 762.037037037037]], 'group_id': None, 'description': '', 'shape_type': 'polygon', 'flags': {}, 'mask': None}]
Processing label: laptop
Loading JSON file: /home/egor/project/uploads/p6.json
Loaded JSON file: /home/egor/project/uploads/p6.json in 0.002332448959350586 seconds
Processing shapes for p6.json: [{'label': 'phone', 'points': [[350.3960396039604, 822.5396039603961], [592.9702970297029, 766.1039603960396], [596.9306930693069, 755.2128712871288], [567.2277227722772, 698.7772277227723], [542.4752475247524, 695.8069306930694], [321.6831683168317, 748.2821782178219], [314.75247524752467, 768.0841584158416], [336.5346534653464, 816.5990099009902]], 'group_id': None, 'description': '', 'shape_type': 'polygon', 'flags': {}, 'mask': None}]
Processing label: phone
